<?xml version="1.0" encoding="UTF-8"?>
<!-- Generated by org.testng.reporters.JUnitReportReporter -->
<testsuite hostname="DESKTOP-C81SOV2" failures="0" tests="3" name="testNGFirst.DataProviderClass2" time="13.677" errors="0" timestamp="2021-07-27T12:14:47 EDT" skipped="0">
  <testcase classname="testNGFirst.DataProviderClass2" name="ac" time="4.540"/>
  <system-out/>
  <testcase classname="testNGFirst.DataProviderClass2" name="ac" time="4.548"/>
  <system-out/>
  <testcase classname="testNGFirst.DataProviderClass2" name="ac" time="4.589"/>
  <system-out/>
</testsuite> <!-- testNGFirst.DataProviderClass2 -->
