<?xml version="1.0" encoding="UTF-8"?>
<!-- Generated by org.testng.reporters.JUnitReportReporter -->
<testsuite hostname="DESKTOP-C81SOV2" failures="0" tests="2" name="stcml.D" time="0.006" errors="0" timestamp="2021-07-26T23:49:02 EDT" skipped="0">
  <testcase classname="stcml.D" name="testSeven" time="0.003"/>
  <system-out/>
  <testcase classname="stcml.D" name="testEight" time="0.003"/>
  <system-out/>
</testsuite> <!-- stcml.D -->
