<?xml version="1.0" encoding="UTF-8"?>
<!-- Generated by org.testng.reporters.JUnitReportReporter -->
<testsuite hostname="DESKTOP-C81SOV2" failures="0" tests="3" name="testNGFirst.TestNgClass" time="25.660" errors="0" timestamp="2021-07-18T12:28:26 EDT" skipped="0">
  <testcase classname="testNGFirst.TestNgClass" name="test1" time="9.010"/>
  <system-out/>
  <testcase classname="testNGFirst.TestNgClass" name="ac" time="3.450"/>
  <system-out/>
  <testcase classname="testNGFirst.TestNgClass" name="google" time="13.200"/>
  <system-out/>
</testsuite> <!-- testNGFirst.TestNgClass -->
