<?xml version="1.0" encoding="UTF-8"?>
<!-- Generated by org.testng.reporters.JUnitReportReporter -->
<testsuite hostname="DESKTOP-C81SOV2" failures="0" tests="1" name="testNGFirst.DataProviderClass" time="11.469" errors="0" timestamp="2021-07-27T13:12:46 EDT" skipped="0">
  <testcase classname="testNGFirst.DataProviderClass" name="test1" time="11.469"/>
  <system-out/>
</testsuite> <!-- testNGFirst.DataProviderClass -->
