<?xml version="1.0" encoding="UTF-8"?>
<!-- Generated by org.testng.reporters.JUnitReportReporter -->
<testsuite hostname="DESKTOP-C81SOV2" failures="0" tests="2" name="stcml.A" time="0.016" errors="0" timestamp="2021-07-26T23:49:02 EDT" skipped="0">
  <testcase classname="stcml.A" name="testone" time="0.011"/>
  <system-out/>
  <testcase classname="stcml.A" name="testtwo" time="0.005"/>
  <system-out/>
</testsuite> <!-- stcml.A -->
